{
  "stats": {
    "suites": 1,
    "tests": 2,
    "passes": 1,
    "pending": 0,
    "failures": 1,
    "start": "2024-10-30T16:12:51.994Z",
    "end": "2024-10-30T16:12:54.012Z",
    "duration": 2018,
    "testsRegistered": 2,
    "passPercent": 50,
    "pendingPercent": 0,
    "other": 0,
    "hasOther": false,
    "skipped": 0,
    "hasSkipped": false
  },
  "results": [
    {
      "uuid": "08ad7007-e509-4b35-bc60-8dc60f05a68c",
      "title": "",
      "fullFile": "cypress\\e2e\\users\\postUsers.cy.js",
      "file": "cypress\\e2e\\users\\postUsers.cy.js",
      "beforeHooks": [],
      "afterHooks": [],
      "tests": [],
      "suites": [
        {
          "uuid": "c8f4b3fc-35a0-44cc-b16d-a5a91e5245e6",
          "title": "POST method",
          "fullFile": "",
          "file": "",
          "beforeHooks": [],
          "afterHooks": [],
          "tests": [
            {
              "title": "create a user and validade the response schema",
              "fullTitle": "POST method create a user and validade the response schema",
              "timedOut": null,
              "duration": 844,
              "state": "passed",
              "speed": "fast",
              "pass": true,
              "fail": false,
              "pending": false,
              "context": null,
              "code": "cy.postUser(payload).should(response => {\n  expect(response.status).to.be.equal(201);\n  expect(response.body.message).to.be.equal('Cadastro realizado com sucesso');\n  expect(response.body).to.have.property('message');\n  expect(response.body.message).to.be.a('string');\n  expect(response.body).to.have.property('_id');\n  expect(response.body._id).to.be.a('string');\n});",
              "err": {},
              "uuid": "8b3933e4-cfef-4eab-b406-cf4ecf082ebd",
              "parentUUID": "c8f4b3fc-35a0-44cc-b16d-a5a91e5245e6",
              "isHook": false,
              "skipped": false
            },
            {
              "title": "create user with existing email",
              "fullTitle": "POST method create user with existing email",
              "timedOut": null,
              "duration": 1079,
              "state": "failed",
              "speed": null,
              "pass": false,
              "fail": true,
              "pending": false,
              "context": null,
              "code": "cy.postUser(payloadexistingemail).should(response => {\n  expect(response.status).to.be.equal(400);\n  expect(response.body.message).to.be.equal('Este email já está sendo usado');\n  expect(response.body).to.have.property('message');\n  expect(response.body.message).to.be.a('string');\n});",
              "err": {
                "message": "AssertionError: expected 201 to equal 400",
                "estack": "AssertionError: expected 201 to equal 400\n    at Context.eval (webpack://act-desafio-qa-front/./cypress/e2e/users/postUsers.cy.js:36:42)",
                "diff": "- 201\n+ 400\n"
              },
              "uuid": "fe18ad55-4969-4a71-9c46-6621c8df48c3",
              "parentUUID": "c8f4b3fc-35a0-44cc-b16d-a5a91e5245e6",
              "isHook": false,
              "skipped": false
            }
          ],
          "suites": [],
          "passes": [
            "8b3933e4-cfef-4eab-b406-cf4ecf082ebd"
          ],
          "failures": [
            "fe18ad55-4969-4a71-9c46-6621c8df48c3"
          ],
          "pending": [],
          "skipped": [],
          "duration": 1923,
          "root": false,
          "rootEmpty": false,
          "_timeout": 2000
        }
      ],
      "passes": [],
      "failures": [],
      "pending": [],
      "skipped": [],
      "duration": 0,
      "root": true,
      "rootEmpty": true,
      "_timeout": 2000
    }
  ],
  "meta": {
    "mocha": {
      "version": "7.0.1"
    },
    "mochawesome": {
      "options": {
        "quiet": false,
        "reportFilename": "report",
        "saveHtml": true,
        "saveJson": true,
        "consoleReporter": "spec",
        "useInlineDiffs": false,
        "code": true
      },
      "version": "7.1.3"
    },
    "marge": {
      "options": {
        "reportDir": "cypress/reports/mochawesome-report",
        "overwrite": false,
        "html": true,
        "json": true,
        "charts": true,
        "reportFilename": "report",
        "timestamp": "mmddyyyy_HHMMss",
        "inlineAssets": true,
        "autoOpen": true,
        "reportPageTitle": "Relatório de execução de testes backend",
        "embeddedScreenshots": true
      },
      "version": "6.2.0"
    }
  }
}