{
  "stats": {
    "suites": 1,
    "tests": 2,
    "passes": 2,
    "pending": 0,
    "failures": 0,
    "start": "2024-10-30T16:19:27.131Z",
    "end": "2024-10-30T16:19:28.736Z",
    "duration": 1605,
    "testsRegistered": 2,
    "passPercent": 100,
    "pendingPercent": 0,
    "other": 0,
    "hasOther": false,
    "skipped": 0,
    "hasSkipped": false
  },
  "results": [
    {
      "uuid": "166b4f0c-2e8a-498f-bb1b-21b9e08a548a",
      "title": "",
      "fullFile": "cypress\\e2e\\users\\postUsers.cy.js",
      "file": "cypress\\e2e\\users\\postUsers.cy.js",
      "beforeHooks": [],
      "afterHooks": [],
      "tests": [],
      "suites": [
        {
          "uuid": "f66d208f-1e69-4bb6-a6cf-4505587d39d4",
          "title": "POST method",
          "fullFile": "",
          "file": "",
          "beforeHooks": [],
          "afterHooks": [],
          "tests": [
            {
              "title": "create a user and validade the response schema",
              "fullTitle": "POST method create a user and validade the response schema",
              "timedOut": null,
              "duration": 853,
              "state": "passed",
              "speed": "fast",
              "pass": true,
              "fail": false,
              "pending": false,
              "context": null,
              "code": "cy.postUser(payload).should(response => {\n  expect(response.status).to.be.equal(201);\n  expect(response.body.message).to.be.equal('Cadastro realizado com sucesso');\n  expect(response.body).to.have.property('message');\n  expect(response.body.message).to.be.a('string');\n  expect(response.body).to.have.property('_id');\n  expect(response.body._id).to.be.a('string');\n});",
              "err": {},
              "uuid": "0e4b1904-871b-49db-82f5-0c221177ac9c",
              "parentUUID": "f66d208f-1e69-4bb6-a6cf-4505587d39d4",
              "isHook": false,
              "skipped": false
            },
            {
              "title": "create user with existing email",
              "fullTitle": "POST method create user with existing email",
              "timedOut": null,
              "duration": 656,
              "state": "passed",
              "speed": "fast",
              "pass": true,
              "fail": false,
              "pending": false,
              "context": null,
              "code": "cy.postUser(payloadexistingemail).should(response => {\n  expect(response.status).to.be.equal(400);\n  expect(response.body.message).to.be.equal('Este email já está sendo usado');\n  expect(response.body).to.have.property('message');\n  expect(response.body.message).to.be.a('string');\n});",
              "err": {},
              "uuid": "c3b7894e-031c-48f0-b05c-217d9e65f6ba",
              "parentUUID": "f66d208f-1e69-4bb6-a6cf-4505587d39d4",
              "isHook": false,
              "skipped": false
            }
          ],
          "suites": [],
          "passes": [
            "0e4b1904-871b-49db-82f5-0c221177ac9c",
            "c3b7894e-031c-48f0-b05c-217d9e65f6ba"
          ],
          "failures": [],
          "pending": [],
          "skipped": [],
          "duration": 1509,
          "root": false,
          "rootEmpty": false,
          "_timeout": 2000
        }
      ],
      "passes": [],
      "failures": [],
      "pending": [],
      "skipped": [],
      "duration": 0,
      "root": true,
      "rootEmpty": true,
      "_timeout": 2000
    }
  ],
  "meta": {
    "mocha": {
      "version": "7.0.1"
    },
    "mochawesome": {
      "options": {
        "quiet": false,
        "reportFilename": "report",
        "saveHtml": true,
        "saveJson": true,
        "consoleReporter": "spec",
        "useInlineDiffs": false,
        "code": true
      },
      "version": "7.1.3"
    },
    "marge": {
      "options": {
        "reportDir": "cypress/reports/mochawesome-report",
        "overwrite": false,
        "html": true,
        "json": true,
        "charts": true,
        "reportFilename": "report",
        "timestamp": "mmddyyyy_HHMMss",
        "inlineAssets": true,
        "autoOpen": true,
        "reportPageTitle": "Relatório de execução de testes backend",
        "embeddedScreenshots": true
      },
      "version": "6.2.0"
    }
  }
}