{
  "stats": {
    "suites": 1,
    "tests": 3,
    "passes": 3,
    "pending": 0,
    "failures": 0,
    "start": "2024-10-30T16:13:50.048Z",
    "end": "2024-10-30T16:13:52.895Z",
    "duration": 2847,
    "testsRegistered": 3,
    "passPercent": 100,
    "pendingPercent": 0,
    "other": 0,
    "hasOther": false,
    "skipped": 0,
    "hasSkipped": false
  },
  "results": [
    {
      "uuid": "0efa3867-88ea-4272-a33a-5b1ad448dbcc",
      "title": "",
      "fullFile": "cypress\\e2e\\users\\getUsers.cy.js",
      "file": "cypress\\e2e\\users\\getUsers.cy.js",
      "beforeHooks": [],
      "afterHooks": [],
      "tests": [],
      "suites": [
        {
          "uuid": "1f623ed0-691b-4e4f-b2ea-45f2af43df9b",
          "title": "GET method",
          "fullFile": "",
          "file": "",
          "beforeHooks": [],
          "afterHooks": [],
          "tests": [
            {
              "title": "get all users",
              "fullTitle": "GET method get all users",
              "timedOut": null,
              "duration": 1013,
              "state": "passed",
              "speed": "fast",
              "pass": true,
              "fail": false,
              "pending": false,
              "context": null,
              "code": "cy.getAllUsers().should(response => {\n  expect(response.status).to.be.equal(200);\n  expect(response.body.quantidade).to.be.greaterThan(0);\n});",
              "err": {},
              "uuid": "b7f77ae8-a20b-47fa-9251-7b61a63cc999",
              "parentUUID": "1f623ed0-691b-4e4f-b2ea-45f2af43df9b",
              "isHook": false,
              "skipped": false
            },
            {
              "title": "get a user id",
              "fullTitle": "GET method get a user id",
              "timedOut": null,
              "duration": 1531,
              "state": "passed",
              "speed": "fast",
              "pass": true,
              "fail": false,
              "pending": false,
              "context": null,
              "code": "cy.getAllUsers().then(responseAllUsers => {\n  cy.getUserById(responseAllUsers.body.usuarios[0]._id).as('responseById');\n  cy.get('@responseById').should(response => {\n    expect(response.status).to.be.equal(200);\n    expect(response.body.nome).to.be.equal(responseAllUsers.body.usuarios[0].nome);\n    expect(response.body.email).to.be.equal(responseAllUsers.body.usuarios[0].email);\n    expect(response.body.password).to.be.equal(responseAllUsers.body.usuarios[0].password);\n    expect(response.body.administrador).to.be.equal(responseAllUsers.body.usuarios[0].administrador);\n  });\n});",
              "err": {},
              "uuid": "dee1afbf-c994-4f30-b837-3200b5920586",
              "parentUUID": "1f623ed0-691b-4e4f-b2ea-45f2af43df9b",
              "isHook": false,
              "skipped": false
            },
            {
              "title": "get a user not found",
              "fullTitle": "GET method get a user not found",
              "timedOut": null,
              "duration": 214,
              "state": "passed",
              "speed": "fast",
              "pass": true,
              "fail": false,
              "pending": false,
              "context": null,
              "code": "cy.request({\n  method: 'GET',\n  url: `https://serverest.dev/usuarios/11111111111`,\n  failOnStatusCode: false\n}).as('getUserNotFound');\ncy.get('@getUserNotFound').should(response => {\n  expect(response.status).to.be.equal(400);\n  expect(response.body.message).to.be.equal('Usuário não encontrado');\n});",
              "err": {},
              "uuid": "e041cac6-7124-4632-9f61-694ab9bbf816",
              "parentUUID": "1f623ed0-691b-4e4f-b2ea-45f2af43df9b",
              "isHook": false,
              "skipped": false
            }
          ],
          "suites": [],
          "passes": [
            "b7f77ae8-a20b-47fa-9251-7b61a63cc999",
            "dee1afbf-c994-4f30-b837-3200b5920586",
            "e041cac6-7124-4632-9f61-694ab9bbf816"
          ],
          "failures": [],
          "pending": [],
          "skipped": [],
          "duration": 2758,
          "root": false,
          "rootEmpty": false,
          "_timeout": 2000
        }
      ],
      "passes": [],
      "failures": [],
      "pending": [],
      "skipped": [],
      "duration": 0,
      "root": true,
      "rootEmpty": true,
      "_timeout": 2000
    }
  ],
  "meta": {
    "mocha": {
      "version": "7.0.1"
    },
    "mochawesome": {
      "options": {
        "quiet": false,
        "reportFilename": "report",
        "saveHtml": true,
        "saveJson": true,
        "consoleReporter": "spec",
        "useInlineDiffs": false,
        "code": true
      },
      "version": "7.1.3"
    },
    "marge": {
      "options": {
        "reportDir": "cypress/reports/mochawesome-report",
        "overwrite": false,
        "html": true,
        "json": true,
        "charts": true,
        "reportFilename": "report",
        "timestamp": "mmddyyyy_HHMMss",
        "inlineAssets": true,
        "autoOpen": true,
        "reportPageTitle": "Relatório de execução de testes backend",
        "embeddedScreenshots": true
      },
      "version": "6.2.0"
    }
  }
}