{
  "stats": {
    "suites": 1,
    "tests": 2,
    "passes": 2,
    "pending": 0,
    "failures": 0,
    "start": "2024-10-30T02:26:27.352Z",
    "end": "2024-10-30T02:26:28.769Z",
    "duration": 1417,
    "testsRegistered": 2,
    "passPercent": 100,
    "pendingPercent": 0,
    "other": 0,
    "hasOther": false,
    "skipped": 0,
    "hasSkipped": false
  },
  "results": [
    {
      "uuid": "ba813af7-15fa-41a5-854a-632a67a9e107",
      "title": "",
      "fullFile": "cypress\\e2e\\users\\postUsers.cy.js",
      "file": "cypress\\e2e\\users\\postUsers.cy.js",
      "beforeHooks": [],
      "afterHooks": [],
      "tests": [],
      "suites": [
        {
          "uuid": "f0e8929e-b5d1-4c2f-bbf3-6ab9a423ef60",
          "title": "POST method",
          "fullFile": "",
          "file": "",
          "beforeHooks": [],
          "afterHooks": [],
          "tests": [
            {
              "title": "create a user and validade the response schema",
              "fullTitle": "POST method create a user and validade the response schema",
              "timedOut": null,
              "duration": 689,
              "state": "passed",
              "speed": "fast",
              "pass": true,
              "fail": false,
              "pending": false,
              "context": null,
              "code": "cy.postUser(payload).should(response => {\n  expect(response.status).to.be.equal(201);\n  expect(response.body.message).to.be.equal('Cadastro realizado com sucesso');\n  expect(response.body).to.have.property('message');\n  expect(response.body.message).to.be.a('string');\n  expect(response.body).to.have.property('_id');\n  expect(response.body._id).to.be.a('string');\n});",
              "err": {},
              "uuid": "8cb1dcf5-5bf6-4aff-9ebb-cd1a5c65e896",
              "parentUUID": "f0e8929e-b5d1-4c2f-bbf3-6ab9a423ef60",
              "isHook": false,
              "skipped": false
            },
            {
              "title": "create user with existing email",
              "fullTitle": "POST method create user with existing email",
              "timedOut": null,
              "duration": 673,
              "state": "passed",
              "speed": "fast",
              "pass": true,
              "fail": false,
              "pending": false,
              "context": null,
              "code": "cy.postUser(payloadexistingemail).should(response => {\n  expect(response.status).to.be.equal(400);\n  expect(response.body.message).to.be.equal('Este email já está sendo usado');\n  expect(response.body).to.have.property('message');\n  expect(response.body.message).to.be.a('string');\n});",
              "err": {},
              "uuid": "37d18225-41e9-470b-aaf8-f202f323d269",
              "parentUUID": "f0e8929e-b5d1-4c2f-bbf3-6ab9a423ef60",
              "isHook": false,
              "skipped": false
            }
          ],
          "suites": [],
          "passes": [
            "8cb1dcf5-5bf6-4aff-9ebb-cd1a5c65e896",
            "37d18225-41e9-470b-aaf8-f202f323d269"
          ],
          "failures": [],
          "pending": [],
          "skipped": [],
          "duration": 1362,
          "root": false,
          "rootEmpty": false,
          "_timeout": 2000
        }
      ],
      "passes": [],
      "failures": [],
      "pending": [],
      "skipped": [],
      "duration": 0,
      "root": true,
      "rootEmpty": true,
      "_timeout": 2000
    }
  ],
  "meta": {
    "mocha": {
      "version": "7.0.1"
    },
    "mochawesome": {
      "options": {
        "quiet": false,
        "reportFilename": "report",
        "saveHtml": true,
        "saveJson": true,
        "consoleReporter": "spec",
        "useInlineDiffs": false,
        "code": true
      },
      "version": "7.1.3"
    },
    "marge": {
      "options": {
        "reportDir": "cypress/reports/mochawesome-report",
        "overwrite": false,
        "html": true,
        "json": true,
        "charts": true,
        "reportFilename": "report",
        "timestamp": "mmddyyyy_HHMMss",
        "inlineAssets": true,
        "autoOpen": true,
        "reportPageTitle": "Relatório de execução de testes backend",
        "embeddedScreenshots": true
      },
      "version": "6.2.0"
    }
  }
}