{
  "stats": {
    "suites": 1,
    "tests": 3,
    "passes": 3,
    "pending": 0,
    "failures": 0,
    "start": "2024-10-30T03:37:28.807Z",
    "end": "2024-10-30T03:37:31.012Z",
    "duration": 2205,
    "testsRegistered": 3,
    "passPercent": 100,
    "pendingPercent": 0,
    "other": 0,
    "hasOther": false,
    "skipped": 0,
    "hasSkipped": false
  },
  "results": [
    {
      "uuid": "f8b2db25-12e1-42b9-8c0a-cce7965f0aa4",
      "title": "",
      "fullFile": "cypress\\e2e\\users\\getUsers.cy.js",
      "file": "cypress\\e2e\\users\\getUsers.cy.js",
      "beforeHooks": [],
      "afterHooks": [],
      "tests": [],
      "suites": [
        {
          "uuid": "ac39b41f-ccaa-47ba-9560-3953468e16e7",
          "title": "GET method",
          "fullFile": "",
          "file": "",
          "beforeHooks": [],
          "afterHooks": [],
          "tests": [
            {
              "title": "get all users",
              "fullTitle": "GET method get all users",
              "timedOut": null,
              "duration": 671,
              "state": "passed",
              "speed": "fast",
              "pass": true,
              "fail": false,
              "pending": false,
              "context": null,
              "code": "cy.getAllUsers().should(response => {\n  expect(response.status).to.be.equal(200);\n  expect(response.body.quantidade).to.be.greaterThan(0);\n});",
              "err": {},
              "uuid": "cf745d52-39c1-4e7a-ac3b-3bce6ff4454d",
              "parentUUID": "ac39b41f-ccaa-47ba-9560-3953468e16e7",
              "isHook": false,
              "skipped": false
            },
            {
              "title": "get a user id",
              "fullTitle": "GET method get a user id",
              "timedOut": null,
              "duration": 1233,
              "state": "passed",
              "speed": "fast",
              "pass": true,
              "fail": false,
              "pending": false,
              "context": null,
              "code": "cy.getAllUsers().then(responseAllUsers => {\n  cy.getUserById(responseAllUsers.body.usuarios[0]._id).as('responseById');\n  cy.get('@responseById').should(response => {\n    expect(response.status).to.be.equal(200);\n    expect(response.body.nome).to.be.equal(responseAllUsers.body.usuarios[0].nome);\n    expect(response.body.email).to.be.equal(responseAllUsers.body.usuarios[0].email);\n    expect(response.body.password).to.be.equal(responseAllUsers.body.usuarios[0].password);\n    expect(response.body.administrador).to.be.equal(responseAllUsers.body.usuarios[0].administrador);\n  });\n});",
              "err": {},
              "uuid": "d487df0d-a6dc-4c63-8397-bc7c328cb65d",
              "parentUUID": "ac39b41f-ccaa-47ba-9560-3953468e16e7",
              "isHook": false,
              "skipped": false
            },
            {
              "title": "get a user not found",
              "fullTitle": "GET method get a user not found",
              "timedOut": null,
              "duration": 211,
              "state": "passed",
              "speed": "fast",
              "pass": true,
              "fail": false,
              "pending": false,
              "context": null,
              "code": "cy.request({\n  method: 'GET',\n  url: `https://serverest.dev/usuarios/11111111111`,\n  failOnStatusCode: false\n}).as('getUserNotFound');\ncy.get('@getUserNotFound').should(response => {\n  expect(response.status).to.be.equal(400);\n  expect(response.body.message).to.be.equal('Usuário não encontrado');\n});",
              "err": {},
              "uuid": "e6aa3f54-37f1-4f06-8ece-9b65b75ecd75",
              "parentUUID": "ac39b41f-ccaa-47ba-9560-3953468e16e7",
              "isHook": false,
              "skipped": false
            }
          ],
          "suites": [],
          "passes": [
            "cf745d52-39c1-4e7a-ac3b-3bce6ff4454d",
            "d487df0d-a6dc-4c63-8397-bc7c328cb65d",
            "e6aa3f54-37f1-4f06-8ece-9b65b75ecd75"
          ],
          "failures": [],
          "pending": [],
          "skipped": [],
          "duration": 2115,
          "root": false,
          "rootEmpty": false,
          "_timeout": 2000
        }
      ],
      "passes": [],
      "failures": [],
      "pending": [],
      "skipped": [],
      "duration": 0,
      "root": true,
      "rootEmpty": true,
      "_timeout": 2000
    }
  ],
  "meta": {
    "mocha": {
      "version": "7.0.1"
    },
    "mochawesome": {
      "options": {
        "quiet": false,
        "reportFilename": "report",
        "saveHtml": true,
        "saveJson": true,
        "consoleReporter": "spec",
        "useInlineDiffs": false,
        "code": true
      },
      "version": "7.1.3"
    },
    "marge": {
      "options": {
        "reportDir": "cypress/reports/mochawesome-report",
        "overwrite": false,
        "html": true,
        "json": true,
        "charts": true,
        "reportFilename": "report",
        "timestamp": "mmddyyyy_HHMMss",
        "inlineAssets": true,
        "autoOpen": true,
        "reportPageTitle": "Relatório de execução de testes backend",
        "embeddedScreenshots": true
      },
      "version": "6.2.0"
    }
  }
}