{
  "stats": {
    "suites": 1,
    "tests": 2,
    "passes": 2,
    "pending": 0,
    "failures": 0,
    "start": "2024-10-30T03:37:37.058Z",
    "end": "2024-10-30T03:37:38.428Z",
    "duration": 1370,
    "testsRegistered": 2,
    "passPercent": 100,
    "pendingPercent": 0,
    "other": 0,
    "hasOther": false,
    "skipped": 0,
    "hasSkipped": false
  },
  "results": [
    {
      "uuid": "4e69acf8-ceb1-4aef-bd50-a08f18ea8bbf",
      "title": "",
      "fullFile": "cypress\\e2e\\users\\postUsers.cy.js",
      "file": "cypress\\e2e\\users\\postUsers.cy.js",
      "beforeHooks": [],
      "afterHooks": [],
      "tests": [],
      "suites": [
        {
          "uuid": "e0aced86-7e2f-43fd-b0f3-94322d456f98",
          "title": "POST method",
          "fullFile": "",
          "file": "",
          "beforeHooks": [],
          "afterHooks": [],
          "tests": [
            {
              "title": "create a user and validade the response schema",
              "fullTitle": "POST method create a user and validade the response schema",
              "timedOut": null,
              "duration": 716,
              "state": "passed",
              "speed": "fast",
              "pass": true,
              "fail": false,
              "pending": false,
              "context": null,
              "code": "cy.postUser(payload).should(response => {\n  expect(response.status).to.be.equal(201);\n  expect(response.body.message).to.be.equal('Cadastro realizado com sucesso');\n  expect(response.body).to.have.property('message');\n  expect(response.body.message).to.be.a('string');\n  expect(response.body).to.have.property('_id');\n  expect(response.body._id).to.be.a('string');\n});",
              "err": {},
              "uuid": "bac4464c-8850-4125-b784-bd204ac5f7a6",
              "parentUUID": "e0aced86-7e2f-43fd-b0f3-94322d456f98",
              "isHook": false,
              "skipped": false
            },
            {
              "title": "create user with existing email",
              "fullTitle": "POST method create user with existing email",
              "timedOut": null,
              "duration": 606,
              "state": "passed",
              "speed": "fast",
              "pass": true,
              "fail": false,
              "pending": false,
              "context": null,
              "code": "cy.postUser(payloadexistingemail).should(response => {\n  expect(response.status).to.be.equal(400);\n  expect(response.body.message).to.be.equal('Este email já está sendo usado');\n  expect(response.body).to.have.property('message');\n  expect(response.body.message).to.be.a('string');\n});",
              "err": {},
              "uuid": "e5875f34-a29f-4e96-906f-704120ce8f37",
              "parentUUID": "e0aced86-7e2f-43fd-b0f3-94322d456f98",
              "isHook": false,
              "skipped": false
            }
          ],
          "suites": [],
          "passes": [
            "bac4464c-8850-4125-b784-bd204ac5f7a6",
            "e5875f34-a29f-4e96-906f-704120ce8f37"
          ],
          "failures": [],
          "pending": [],
          "skipped": [],
          "duration": 1322,
          "root": false,
          "rootEmpty": false,
          "_timeout": 2000
        }
      ],
      "passes": [],
      "failures": [],
      "pending": [],
      "skipped": [],
      "duration": 0,
      "root": true,
      "rootEmpty": true,
      "_timeout": 2000
    }
  ],
  "meta": {
    "mocha": {
      "version": "7.0.1"
    },
    "mochawesome": {
      "options": {
        "quiet": false,
        "reportFilename": "report",
        "saveHtml": true,
        "saveJson": true,
        "consoleReporter": "spec",
        "useInlineDiffs": false,
        "code": true
      },
      "version": "7.1.3"
    },
    "marge": {
      "options": {
        "reportDir": "cypress/reports/mochawesome-report",
        "overwrite": false,
        "html": true,
        "json": true,
        "charts": true,
        "reportFilename": "report",
        "timestamp": "mmddyyyy_HHMMss",
        "inlineAssets": true,
        "autoOpen": true,
        "reportPageTitle": "Relatório de execução de testes backend",
        "embeddedScreenshots": true
      },
      "version": "6.2.0"
    }
  }
}