{
  "stats": {
    "suites": 1,
    "tests": 1,
    "passes": 1,
    "pending": 0,
    "failures": 0,
    "start": "2024-10-30T16:12:35.523Z",
    "end": "2024-10-30T16:12:37.523Z",
    "duration": 2000,
    "testsRegistered": 1,
    "passPercent": 100,
    "pendingPercent": 0,
    "other": 0,
    "hasOther": false,
    "skipped": 0,
    "hasSkipped": false
  },
  "results": [
    {
      "uuid": "62e3e52d-641a-4604-9638-d2f5be92e9d8",
      "title": "",
      "fullFile": "cypress\\e2e\\users\\deleteUsers.cy.js",
      "file": "cypress\\e2e\\users\\deleteUsers.cy.js",
      "beforeHooks": [],
      "afterHooks": [],
      "tests": [],
      "suites": [
        {
          "uuid": "176fc940-ddc0-4091-b014-9600c38c1a17",
          "title": "DELETE method",
          "fullFile": "",
          "file": "",
          "beforeHooks": [],
          "afterHooks": [],
          "tests": [
            {
              "title": "delete a user",
              "fullTitle": "DELETE method delete a user",
              "timedOut": null,
              "duration": 1879,
              "state": "passed",
              "speed": "fast",
              "pass": true,
              "fail": false,
              "pending": false,
              "context": null,
              "code": "cy.get('@responsePost').then(response => {\n  cy.deleteUser(response.body._id).should(response => {\n    expect(response.status).to.be.equal(200);\n    expect(response.body.message).to.be.equal('Registro excluído com sucesso');\n    expect(response.body).to.have.property('message');\n    expect(response.body.message).to.be.a('string');\n  });\n});",
              "err": {},
              "uuid": "dff2ecc2-3924-4d42-a26d-32e118f71128",
              "parentUUID": "176fc940-ddc0-4091-b014-9600c38c1a17",
              "isHook": false,
              "skipped": false
            }
          ],
          "suites": [],
          "passes": [
            "dff2ecc2-3924-4d42-a26d-32e118f71128"
          ],
          "failures": [],
          "pending": [],
          "skipped": [],
          "duration": 1879,
          "root": false,
          "rootEmpty": false,
          "_timeout": 2000
        }
      ],
      "passes": [],
      "failures": [],
      "pending": [],
      "skipped": [],
      "duration": 0,
      "root": true,
      "rootEmpty": true,
      "_timeout": 2000
    }
  ],
  "meta": {
    "mocha": {
      "version": "7.0.1"
    },
    "mochawesome": {
      "options": {
        "quiet": false,
        "reportFilename": "report",
        "saveHtml": true,
        "saveJson": true,
        "consoleReporter": "spec",
        "useInlineDiffs": false,
        "code": true
      },
      "version": "7.1.3"
    },
    "marge": {
      "options": {
        "reportDir": "cypress/reports/mochawesome-report",
        "overwrite": false,
        "html": true,
        "json": true,
        "charts": true,
        "reportFilename": "report",
        "timestamp": "mmddyyyy_HHMMss",
        "inlineAssets": true,
        "autoOpen": true,
        "reportPageTitle": "Relatório de execução de testes backend",
        "embeddedScreenshots": true
      },
      "version": "6.2.0"
    }
  }
}