{
  "stats": {
    "suites": 1,
    "tests": 3,
    "passes": 3,
    "pending": 0,
    "failures": 0,
    "start": "2024-10-30T16:19:16.300Z",
    "end": "2024-10-30T16:19:19.173Z",
    "duration": 2873,
    "testsRegistered": 3,
    "passPercent": 100,
    "pendingPercent": 0,
    "other": 0,
    "hasOther": false,
    "skipped": 0,
    "hasSkipped": false
  },
  "results": [
    {
      "uuid": "1538ef62-9c1a-40fb-845f-0e90eccbb916",
      "title": "",
      "fullFile": "cypress\\e2e\\users\\getUsers.cy.js",
      "file": "cypress\\e2e\\users\\getUsers.cy.js",
      "beforeHooks": [],
      "afterHooks": [],
      "tests": [],
      "suites": [
        {
          "uuid": "132f1d8b-8109-4cf4-82d4-1ddfcff8bac6",
          "title": "GET method",
          "fullFile": "",
          "file": "",
          "beforeHooks": [],
          "afterHooks": [],
          "tests": [
            {
              "title": "get all users",
              "fullTitle": "GET method get all users",
              "timedOut": null,
              "duration": 923,
              "state": "passed",
              "speed": "fast",
              "pass": true,
              "fail": false,
              "pending": false,
              "context": null,
              "code": "cy.getAllUsers().should(response => {\n  expect(response.status).to.be.equal(200);\n  expect(response.body.quantidade).to.be.greaterThan(0);\n});",
              "err": {},
              "uuid": "030a41c7-95ad-4ce9-87e2-59d898dc4c62",
              "parentUUID": "132f1d8b-8109-4cf4-82d4-1ddfcff8bac6",
              "isHook": false,
              "skipped": false
            },
            {
              "title": "get a user id",
              "fullTitle": "GET method get a user id",
              "timedOut": null,
              "duration": 1603,
              "state": "passed",
              "speed": "fast",
              "pass": true,
              "fail": false,
              "pending": false,
              "context": null,
              "code": "cy.getAllUsers().then(responseAllUsers => {\n  cy.getUserById(responseAllUsers.body.usuarios[0]._id).as('responseById');\n  cy.get('@responseById').should(response => {\n    expect(response.status).to.be.equal(200);\n    expect(response.body.nome).to.be.equal(responseAllUsers.body.usuarios[0].nome);\n    expect(response.body.email).to.be.equal(responseAllUsers.body.usuarios[0].email);\n    expect(response.body.password).to.be.equal(responseAllUsers.body.usuarios[0].password);\n    expect(response.body.administrador).to.be.equal(responseAllUsers.body.usuarios[0].administrador);\n  });\n});",
              "err": {},
              "uuid": "02b9055c-d6d0-4a8d-94d1-0a685df1b28b",
              "parentUUID": "132f1d8b-8109-4cf4-82d4-1ddfcff8bac6",
              "isHook": false,
              "skipped": false
            },
            {
              "title": "get a user not found",
              "fullTitle": "GET method get a user not found",
              "timedOut": null,
              "duration": 223,
              "state": "passed",
              "speed": "fast",
              "pass": true,
              "fail": false,
              "pending": false,
              "context": null,
              "code": "cy.request({\n  method: 'GET',\n  url: `https://serverest.dev/usuarios/11111111111`,\n  failOnStatusCode: false\n}).as('getUserNotFound');\ncy.get('@getUserNotFound').should(response => {\n  expect(response.status).to.be.equal(400);\n  expect(response.body.message).to.be.equal('Usuário não encontrado');\n});",
              "err": {},
              "uuid": "d5489743-7af3-4b6b-b1f5-5035105e5967",
              "parentUUID": "132f1d8b-8109-4cf4-82d4-1ddfcff8bac6",
              "isHook": false,
              "skipped": false
            }
          ],
          "suites": [],
          "passes": [
            "030a41c7-95ad-4ce9-87e2-59d898dc4c62",
            "02b9055c-d6d0-4a8d-94d1-0a685df1b28b",
            "d5489743-7af3-4b6b-b1f5-5035105e5967"
          ],
          "failures": [],
          "pending": [],
          "skipped": [],
          "duration": 2749,
          "root": false,
          "rootEmpty": false,
          "_timeout": 2000
        }
      ],
      "passes": [],
      "failures": [],
      "pending": [],
      "skipped": [],
      "duration": 0,
      "root": true,
      "rootEmpty": true,
      "_timeout": 2000
    }
  ],
  "meta": {
    "mocha": {
      "version": "7.0.1"
    },
    "mochawesome": {
      "options": {
        "quiet": false,
        "reportFilename": "report",
        "saveHtml": true,
        "saveJson": true,
        "consoleReporter": "spec",
        "useInlineDiffs": false,
        "code": true
      },
      "version": "7.1.3"
    },
    "marge": {
      "options": {
        "reportDir": "cypress/reports/mochawesome-report",
        "overwrite": false,
        "html": true,
        "json": true,
        "charts": true,
        "reportFilename": "report",
        "timestamp": "mmddyyyy_HHMMss",
        "inlineAssets": true,
        "autoOpen": true,
        "reportPageTitle": "Relatório de execução de testes backend",
        "embeddedScreenshots": true
      },
      "version": "6.2.0"
    }
  }
}